Start testing: Apr 22 23:04 CST
----------------------------------------------------------
1/1 Testing: chinese-calendar-test
1/1 Test: chinese-calendar-test
Command: "/home/leleliu008/C/build.d/algorithm/chinese-calendar/chinese-calendar-test"
Directory: /home/leleliu008/C/build.d/algorithm/chinese-calendar
"chinese-calendar-test" start time: Apr 22 23:04 CST
Output:
----------------------------------------------------------
<end of output>
Test time =   0.00 sec
----------------------------------------------------------
Test Passed.
"chinese-calendar-test" end time: Apr 22 23:04 CST
"chinese-calendar-test" time elapsed: 00:00:00
----------------------------------------------------------

End testing: Apr 22 23:04 CST
