Start testing: Jun 10 17:11 CST
----------------------------------------------------------
1/1 Testing: base16-test
1/1 Test: base16-test
Command: "/Users/leleliu008/git/C/build.d/algorithm/base16/base16-test"
Directory: /Users/leleliu008/git/C/build.d/algorithm/base16
"base16-test" start time: Jun 10 17:11 CST
Output:
----------------------------------------------------------
<end of output>
Test time =   0.72 sec
----------------------------------------------------------
Test Passed.
"base16-test" end time: Jun 10 17:11 CST
"base16-test" time elapsed: 00:00:00
----------------------------------------------------------

End testing: Jun 10 17:11 CST
